{
  "RSpec": {
    "coverage": {
      "/home/juliano/Área de Trabalho/ruby/desafio/nx_challenge/spec/support/database_cleaner.rb": {
        "lines": [
          1,
          1,
          1,
          null,
          null,
          1,
          4,
          0,
          0,
          null,
          4,
          null,
          null,
          null,
          5,
          5,
          null
        ]
      },
      "/home/juliano/Área de Trabalho/ruby/desafio/nx_challenge/spec/support/factory_bot.rb": {
        "lines": [
          1,
          null,
          1,
          1,
          null,
          1,
          null,
          null,
          1,
          null,
          null,
          null
        ]
      },
      "/home/juliano/Área de Trabalho/ruby/desafio/nx_challenge/app/models/loan.rb": {
        "lines": [
          1,
          1,
          1,
          1,
          null,
          1,
          3,
          null,
          null,
          1,
          1,
          3,
          3,
          null,
          null
        ]
      },
      "/home/juliano/Área de Trabalho/ruby/desafio/nx_challenge/app/models/application_record.rb": {
        "lines": [
          1,
          1,
          null
        ]
      },
      "/home/juliano/Área de Trabalho/ruby/desafio/nx_challenge/spec/requests/loans_controllers_spec.rb": {
        "lines": [
          1,
          null,
          1,
          2,
          null,
          1,
          1,
          1,
          1,
          1,
          null,
          null,
          null,
          1,
          1,
          1,
          1,
          1,
          null,
          null,
          1,
          1,
          1,
          1,
          null,
          null,
          null
        ]
      },
      "/home/juliano/Área de Trabalho/ruby/desafio/nx_challenge/app/controllers/v1/loans_controller.rb": {
        "lines": [
          1,
          null,
          1,
          2,
          2,
          2,
          1,
          null,
          1,
          null,
          null,
          null,
          null,
          1,
          1,
          1,
          null,
          null,
          null,
          null,
          1,
          1,
          2,
          null,
          null
        ]
      },
      "/home/juliano/Área de Trabalho/ruby/desafio/nx_challenge/app/controllers/application_controller.rb": {
        "lines": [
          1,
          null
        ]
      }
    },
    "timestamp": 1631669395
  }
}
